<?xml version="1.0" encoding="UTF-8"?>
<testsuite name="com.winwithpickr.telegram.TelegramCommandParserTest" tests="16" skipped="0" failures="0" errors="0" timestamp="2026-03-29T01:55:33" hostname="bmc-m3-max.local" time="0.031">
  <properties/>
  <testcase name="pickScheduledDays[jvm]" classname="com.winwithpickr.telegram.TelegramCommandParserTest" time="0.023"/>
  <testcase name="pickMembersWithChannels[jvm]" classname="com.winwithpickr.telegram.TelegramCommandParserTest" time="0.005"/>
  <testcase name="basicPick[jvm]" classname="com.winwithpickr.telegram.TelegramCommandParserTest" time="0.001"/>
  <testcase name="pickSetup[jvm]" classname="com.winwithpickr.telegram.TelegramCommandParserTest" time="0.0"/>
  <testcase name="pickWatch[jvm]" classname="com.winwithpickr.telegram.TelegramCommandParserTest" time="0.0"/>
  <testcase name="notAPickCommand[jvm]" classname="com.winwithpickr.telegram.TelegramCommandParserTest" time="0.0"/>
  <testcase name="winnerCountCappedAt100[jvm]" classname="com.winwithpickr.telegram.TelegramCommandParserTest" time="0.0"/>
  <testcase name="pickMembers[jvm]" classname="com.winwithpickr.telegram.TelegramCommandParserTest" time="0.0"/>
  <testcase name="scheduledWithWinners[jvm]" classname="com.winwithpickr.telegram.TelegramCommandParserTest" time="0.0"/>
  <testcase name="pickAddressedToOtherBot[jvm]" classname="com.winwithpickr.telegram.TelegramCommandParserTest" time="0.0"/>
  <testcase name="pickCombined[jvm]" classname="com.winwithpickr.telegram.TelegramCommandParserTest" time="0.0"/>
  <testcase name="extraWhitespace[jvm]" classname="com.winwithpickr.telegram.TelegramCommandParserTest" time="0.0"/>
  <testcase name="pickScheduledHours[jvm]" classname="com.winwithpickr.telegram.TelegramCommandParserTest" time="0.001"/>
  <testcase name="pickAddressedToOurBot[jvm]" classname="com.winwithpickr.telegram.TelegramCommandParserTest" time="0.0"/>
  <testcase name="caseInsensitive[jvm]" classname="com.winwithpickr.telegram.TelegramCommandParserTest" time="0.0"/>
  <testcase name="pickWithWinnerCount[jvm]" classname="com.winwithpickr.telegram.TelegramCommandParserTest" time="0.0"/>
  <system-out><![CDATA[]]></system-out>
  <system-err><![CDATA[]]></system-err>
</testsuite>
